[debug] [2022-12-12T13:46:58.490Z] ----------------------------------------------------------------------
[debug] [2022-12-12T13:46:58.492Z] Command:       /home/moringa/.nvm/versions/node/v16.16.0/bin/node /home/moringa/.nvm/versions/node/v16.16.0/bin/firebase init
[debug] [2022-12-12T13:46:58.492Z] CLI Version:   11.17.0
[debug] [2022-12-12T13:46:58.492Z] Platform:      linux
[debug] [2022-12-12T13:46:58.492Z] Node Version:  v16.16.0
[debug] [2022-12-12T13:46:58.493Z] Time:          Mon Dec 12 2022 16:46:58 GMT+0300 (East Africa Time)
[debug] [2022-12-12T13:46:58.493Z] ----------------------------------------------------------------------
[debug] 
[debug] [2022-12-12T13:46:58.497Z] > command requires scopes: ["email","openid","https://www.googleapis.com/auth/cloudplatformprojects.readonly","https://www.googleapis.com/auth/firebase","https://www.googleapis.com/auth/cloud-platform"]
[debug] [2022-12-12T13:46:58.497Z] > authorizing via signed-in user (sigei.isack@student.moringaschool.com)
[info] 
     ######## #### ########  ######## ########     ###     ######  ########
     ##        ##  ##     ## ##       ##     ##  ##   ##  ##       ##
     ######    ##  ########  ######   ########  #########  ######  ######
     ##        ##  ##    ##  ##       ##     ## ##     ##       ## ##
     ##       #### ##     ## ######## ########  ##     ##  ######  ########

You're about to initialize a Firebase project in this directory:

  /home/moringa/Desktop/client

[info] 
=== Project Setup
[info] 
[info] First, let's associate this project directory with a Firebase project.
[info] You can create multiple project aliases by running firebase use --add, 
[info] but for now we'll just set up a default project.
[info] 
[debug] [2022-12-12T13:47:43.139Z] >>> [apiv2][query] GET https://firebase.googleapis.com/v1beta1/projects pageSize=100
[debug] [2022-12-12T13:47:44.530Z] <<< [apiv2][status] GET https://firebase.googleapis.com/v1beta1/projects 200
[debug] [2022-12-12T13:47:44.530Z] <<< [apiv2][body] GET https://firebase.googleapis.com/v1beta1/projects [omitted]
[debug] [2022-12-12T13:47:44.530Z] Found more than 100 projects, selecting via prompt
[debug] [2022-12-12T13:48:32.644Z] >>> [apiv2][query] GET https://firebase.googleapis.com/v1beta1/projects/phase-4 [none]
[debug] [2022-12-12T13:48:33.263Z] <<< [apiv2][status] GET https://firebase.googleapis.com/v1beta1/projects/phase-4 403
[debug] [2022-12-12T13:48:33.264Z] <<< [apiv2][body] GET https://firebase.googleapis.com/v1beta1/projects/phase-4 {"error":{"code":403,"message":"The caller does not have permission","status":"PERMISSION_DENIED"}}
[debug] [2022-12-12T13:48:33.264Z] HTTP Error: 403, The caller does not have permission
[debug] [2022-12-12T13:48:33.679Z] FirebaseError: HTTP Error: 403, The caller does not have permission
    at responseToError (/home/moringa/.nvm/versions/node/v16.16.0/lib/node_modules/firebase-tools/lib/responseToError.js:49:12)
    at RetryOperation._fn (/home/moringa/.nvm/versions/node/v16.16.0/lib/node_modules/firebase-tools/lib/apiv2.js:288:77)
    at processTicksAndRejections (node:internal/process/task_queues:96:5)
[error] 
[error] Error: Failed to get Firebase project phase-4. Please make sure the project exists and your account has permission to access it.
